<?xml version="1.0" encoding="UTF-8"?>
<!-- Generated by org.testng.reporters.JUnitXMLReporter -->
<testsuite hostname="DESKTOP-UUTUU8G" ignored="0" name="Default test" tests="3" failures="0" timestamp="29 May 2019 11:10:19 GMT" time="0.077" errors="0">
  <testcase name="APIloginhomeloan" time="0.017" classname="Introduction.RemoveMethodfromExecution"/>
  <testcase name="mobileloginhomeloan" time="0.007" classname="Introduction.RemoveMethodfromExecution"/>
  <testcase name="webloginhomeloan" time="0.005" classname="Introduction.RemoveMethodfromExecution"/>
</testsuite> <!-- Default test -->
