<?xml version="1.0" encoding="UTF-8"?>
<!-- Generated by org.testng.reporters.JUnitXMLReporter -->
<testsuite hostname="DESKTOP-UUTUU8G" ignored="0" name="department" tests="4" failures="0" timestamp="29 May 2019 10:40:45 GMT" time="0.143" errors="0">
  <testcase name="Z" time="0.016" classname="Introduction.Intro"/>
  <testcase name="demo" time="0.009" classname="Introduction.Intro"/>
  <testcase name="intro" time="0.005" classname="Introduction.Intro"/>
  <testcase name="disp" time="0.003" classname="Introduction.Intro1"/>
</testsuite> <!-- department -->
