<?xml version="1.0" encoding="UTF-8"?>
<!-- Generated by org.testng.reporters.JUnitXMLReporter -->
<testsuite hostname="DESKTOP-UUTUU8G" ignored="3" name="Home Loan" tests="1" failures="0" timestamp="30 May 2019 10:16:42 GMT" time="0.008" errors="0">
  <testcase name="webloginhomeloan" time="0.002" classname="Introduction.RemoveMethodfromExecution"/>
  <testcase name="APISigninhomeloan" time="0.0" classname="Introduction.RemoveMethodfromExecution">
    <ignored/>
  </testcase> <!-- APISigninhomeloan -->
  <testcase name="APIloginhomeloan" time="0.0" classname="Introduction.RemoveMethodfromExecution">
    <ignored/>
  </testcase> <!-- APIloginhomeloan -->
  <testcase name="APISingouthomeloan" time="0.0" classname="Introduction.RemoveMethodfromExecution">
    <ignored/>
  </testcase> <!-- APISingouthomeloan -->
</testsuite> <!-- Home Loan -->
