<?xml version="1.0" encoding="UTF-8"?>
<!-- Generated by org.testng.reporters.JUnitXMLReporter -->
<testsuite hostname="DESKTOP-UUTUU8G" ignored="0" name="Loan Department" tests="3" failures="0" timestamp="10 Sep 2019 10:29:51 GMT" time="0.106" errors="0">
  <testcase name="Z" time="0.009" classname="Introduction.Intro"/>
  <testcase name="intro" time="0.003" classname="Introduction.Intro"/>
  <testcase name="login" time="0.002" classname="Introduction.Intro"/>
</testsuite> <!-- Loan Department -->
