<?xml version="1.0" encoding="UTF-8"?>
<!-- Generated by org.testng.reporters.JUnitXMLReporter -->
<testsuite hostname="DESKTOP-UUTUU8G" name="Test" tests="10" failures="0" timestamp="11 Sep 2019 05:26:31 GMT" time="0.322" errors="0">
  <testcase name="APISigninhomeloan" time="0.158" classname="Introduction.RemoveMethodfromExecution"/>
  <testcase name="APISingouthomeloan" time="0.0" classname="Introduction.RemoveMethodfromExecution"/>
  <testcase name="APISingouthomeloan" time="0.001" classname="Introduction.RemoveMethodfromExecution"/>
  <testcase name="APISingouthomeloan" time="0.0" classname="Introduction.RemoveMethodfromExecution"/>
  <testcase name="APIloginhomeloan" time="0.0" classname="Introduction.RemoveMethodfromExecution"/>
  <testcase name="webloginhomeloan" time="0.0" classname="Introduction.RemoveMethodfromExecution"/>
  <testcase name="Z" time="0.001" classname="Introduction.Intro"/>
  <testcase name="intro" time="0.0" classname="Introduction.Intro"/>
  <testcase name="login" time="0.001" classname="Introduction.Intro"/>
  <testcase name="disp" time="0.008" classname="Introduction.Intro1"/>
</testsuite> <!-- Test -->
