<?xml version="1.0" encoding="UTF-8"?>
<!-- Generated by org.testng.reporters.JUnitXMLReporter -->
<testsuite hostname="DESKTOP-UUTUU8G" ignored="0" name="Test" tests="4" failures="0" timestamp="29 May 2019 10:41:22 GMT" time="0.104" errors="0">
  <testcase name="Z" time="0.016" classname="Introduction.Intro"/>
  <testcase name="demo" time="0.009" classname="Introduction.Intro"/>
  <testcase name="intro" time="0.007" classname="Introduction.Intro"/>
  <testcase name="disp" time="0.003" classname="Introduction.Intro1"/>
</testsuite> <!-- Test -->
